ARM GAS  C:\Users\W_LINU~1\AppData\Local\Temp\ccZaBcc2.s 			page 1


   1              		.cpu cortex-m0plus
   2              		.arch armv6s-m
   3              		.fpu softvfp
   4              		.eabi_attribute 20, 1
   5              		.eabi_attribute 21, 1
   6              		.eabi_attribute 23, 3
   7              		.eabi_attribute 24, 1
   8              		.eabi_attribute 25, 1
   9              		.eabi_attribute 26, 1
  10              		.eabi_attribute 30, 1
  11              		.eabi_attribute 34, 0
  12              		.eabi_attribute 18, 4
  13              		.file	"gpio.c"
  14              		.text
  15              	.Ltext0:
  16              		.cfi_sections	.debug_frame
  17              		.file 1 "Core/Src/gpio.c"
  18              		.section	.text.MX_GPIO_Init,"ax",%progbits
  19              		.align	1
  20              		.global	MX_GPIO_Init
  21              		.syntax unified
  22              		.code	16
  23              		.thumb_func
  25              	MX_GPIO_Init:
  26              	.LFB290:
   1:Core/Src/gpio.c **** /* USER CODE BEGIN Header */
   2:Core/Src/gpio.c **** /**
   3:Core/Src/gpio.c ****   ******************************************************************************
   4:Core/Src/gpio.c ****   * @file    gpio.c
   5:Core/Src/gpio.c ****   * @brief   This file provides code for the configuration
   6:Core/Src/gpio.c ****   *          of all used GPIO pins.
   7:Core/Src/gpio.c ****   ******************************************************************************
   8:Core/Src/gpio.c ****   * @attention
   9:Core/Src/gpio.c ****   *
  10:Core/Src/gpio.c ****   * Copyright (c) 2022 STMicroelectronics.
  11:Core/Src/gpio.c ****   * All rights reserved.
  12:Core/Src/gpio.c ****   *
  13:Core/Src/gpio.c ****   * This software is licensed under terms that can be found in the LICENSE file
  14:Core/Src/gpio.c ****   * in the root directory of this software component.
  15:Core/Src/gpio.c ****   * If no LICENSE file comes with this software, it is provided AS-IS.
  16:Core/Src/gpio.c ****   *
  17:Core/Src/gpio.c ****   ******************************************************************************
  18:Core/Src/gpio.c ****   */
  19:Core/Src/gpio.c **** /* USER CODE END Header */
  20:Core/Src/gpio.c **** 
  21:Core/Src/gpio.c **** /* Includes ------------------------------------------------------------------*/
  22:Core/Src/gpio.c **** #include "gpio.h"
  23:Core/Src/gpio.c **** 
  24:Core/Src/gpio.c **** /* USER CODE BEGIN 0 */
  25:Core/Src/gpio.c **** 
  26:Core/Src/gpio.c **** /* USER CODE END 0 */
  27:Core/Src/gpio.c **** 
  28:Core/Src/gpio.c **** /*----------------------------------------------------------------------------*/
  29:Core/Src/gpio.c **** /* Configure GPIO                                                             */
  30:Core/Src/gpio.c **** /*----------------------------------------------------------------------------*/
  31:Core/Src/gpio.c **** /* USER CODE BEGIN 1 */
  32:Core/Src/gpio.c **** 
ARM GAS  C:\Users\W_LINU~1\AppData\Local\Temp\ccZaBcc2.s 			page 2


  33:Core/Src/gpio.c **** /* USER CODE END 1 */
  34:Core/Src/gpio.c **** 
  35:Core/Src/gpio.c **** /** Configure pins as
  36:Core/Src/gpio.c ****         * Analog
  37:Core/Src/gpio.c ****         * Input
  38:Core/Src/gpio.c ****         * Output
  39:Core/Src/gpio.c ****         * EVENT_OUT
  40:Core/Src/gpio.c ****         * EXTI
  41:Core/Src/gpio.c **** */
  42:Core/Src/gpio.c **** void MX_GPIO_Init(void)
  43:Core/Src/gpio.c **** {
  27              		.loc 1 43 1 view -0
  28              		.cfi_startproc
  29              		@ args = 0, pretend = 0, frame = 32
  30              		@ frame_needed = 0, uses_anonymous_args = 0
  31 0000 F0B5     		push	{r4, r5, r6, r7, lr}
  32              	.LCFI0:
  33              		.cfi_def_cfa_offset 20
  34              		.cfi_offset 4, -20
  35              		.cfi_offset 5, -16
  36              		.cfi_offset 6, -12
  37              		.cfi_offset 7, -8
  38              		.cfi_offset 14, -4
  39 0002 89B0     		sub	sp, sp, #36
  40              	.LCFI1:
  41              		.cfi_def_cfa_offset 56
  44:Core/Src/gpio.c **** 
  45:Core/Src/gpio.c ****   GPIO_InitTypeDef GPIO_InitStruct = {0};
  42              		.loc 1 45 3 view .LVU1
  43              		.loc 1 45 20 is_stmt 0 view .LVU2
  44 0004 1422     		movs	r2, #20
  45 0006 0021     		movs	r1, #0
  46 0008 03A8     		add	r0, sp, #12
  47 000a FFF7FEFF 		bl	memset
  48              	.LVL0:
  46:Core/Src/gpio.c **** 
  47:Core/Src/gpio.c ****   /* GPIO Ports Clock Enable */
  48:Core/Src/gpio.c ****   __HAL_RCC_GPIOB_CLK_ENABLE();
  49              		.loc 1 48 3 is_stmt 1 view .LVU3
  50              	.LBB2:
  51              		.loc 1 48 3 view .LVU4
  52              		.loc 1 48 3 view .LVU5
  53 000e 194B     		ldr	r3, .L2
  54 0010 596B     		ldr	r1, [r3, #52]
  55 0012 0222     		movs	r2, #2
  56 0014 1143     		orrs	r1, r2
  57 0016 5963     		str	r1, [r3, #52]
  58              		.loc 1 48 3 view .LVU6
  59 0018 596B     		ldr	r1, [r3, #52]
  60 001a 0A40     		ands	r2, r1
  61 001c 0192     		str	r2, [sp, #4]
  62              		.loc 1 48 3 view .LVU7
  63 001e 019A     		ldr	r2, [sp, #4]
  64              	.LBE2:
  65              		.loc 1 48 3 view .LVU8
  49:Core/Src/gpio.c ****   __HAL_RCC_GPIOA_CLK_ENABLE();
  66              		.loc 1 49 3 view .LVU9
ARM GAS  C:\Users\W_LINU~1\AppData\Local\Temp\ccZaBcc2.s 			page 3


  67              	.LBB3:
  68              		.loc 1 49 3 view .LVU10
  69              		.loc 1 49 3 view .LVU11
  70 0020 5A6B     		ldr	r2, [r3, #52]
  71 0022 0124     		movs	r4, #1
  72 0024 2243     		orrs	r2, r4
  73 0026 5A63     		str	r2, [r3, #52]
  74              		.loc 1 49 3 view .LVU12
  75 0028 5B6B     		ldr	r3, [r3, #52]
  76 002a 2340     		ands	r3, r4
  77 002c 0293     		str	r3, [sp, #8]
  78              		.loc 1 49 3 view .LVU13
  79 002e 029B     		ldr	r3, [sp, #8]
  80              	.LBE3:
  81              		.loc 1 49 3 view .LVU14
  50:Core/Src/gpio.c **** 
  51:Core/Src/gpio.c ****   /*Configure GPIO pin Output Level */
  52:Core/Src/gpio.c ****   HAL_GPIO_WritePin(GPIOA, GPIO_PIN_1|GPIO_PIN_2, GPIO_PIN_RESET);
  82              		.loc 1 52 3 view .LVU15
  83 0030 A027     		movs	r7, #160
  84 0032 FF05     		lsls	r7, r7, #23
  85 0034 0022     		movs	r2, #0
  86 0036 0621     		movs	r1, #6
  87 0038 3800     		movs	r0, r7
  88 003a FFF7FEFF 		bl	HAL_GPIO_WritePin
  89              	.LVL1:
  53:Core/Src/gpio.c **** 
  54:Core/Src/gpio.c ****   /*Configure GPIO pin Output Level */
  55:Core/Src/gpio.c ****   HAL_GPIO_WritePin(GPIOB, GPIO_PIN_0, GPIO_PIN_SET);
  90              		.loc 1 55 3 view .LVU16
  91 003e 0E4E     		ldr	r6, .L2+4
  92 0040 0122     		movs	r2, #1
  93 0042 0121     		movs	r1, #1
  94 0044 3000     		movs	r0, r6
  95 0046 FFF7FEFF 		bl	HAL_GPIO_WritePin
  96              	.LVL2:
  56:Core/Src/gpio.c **** 
  57:Core/Src/gpio.c ****   /*Configure GPIO pins : PA1 PA2 */
  58:Core/Src/gpio.c ****   GPIO_InitStruct.Pin = GPIO_PIN_1|GPIO_PIN_2;
  97              		.loc 1 58 3 view .LVU17
  98              		.loc 1 58 23 is_stmt 0 view .LVU18
  99 004a 0623     		movs	r3, #6
 100 004c 0393     		str	r3, [sp, #12]
  59:Core/Src/gpio.c ****   GPIO_InitStruct.Mode = GPIO_MODE_OUTPUT_PP;
 101              		.loc 1 59 3 is_stmt 1 view .LVU19
 102              		.loc 1 59 24 is_stmt 0 view .LVU20
 103 004e 0494     		str	r4, [sp, #16]
  60:Core/Src/gpio.c ****   GPIO_InitStruct.Pull = GPIO_NOPULL;
 104              		.loc 1 60 3 is_stmt 1 view .LVU21
 105              		.loc 1 60 24 is_stmt 0 view .LVU22
 106 0050 0025     		movs	r5, #0
 107 0052 0595     		str	r5, [sp, #20]
  61:Core/Src/gpio.c ****   GPIO_InitStruct.Speed = GPIO_SPEED_FREQ_LOW;
 108              		.loc 1 61 3 is_stmt 1 view .LVU23
 109              		.loc 1 61 25 is_stmt 0 view .LVU24
 110 0054 0695     		str	r5, [sp, #24]
  62:Core/Src/gpio.c ****   HAL_GPIO_Init(GPIOA, &GPIO_InitStruct);
ARM GAS  C:\Users\W_LINU~1\AppData\Local\Temp\ccZaBcc2.s 			page 4


 111              		.loc 1 62 3 is_stmt 1 view .LVU25
 112 0056 03A9     		add	r1, sp, #12
 113 0058 3800     		movs	r0, r7
 114 005a FFF7FEFF 		bl	HAL_GPIO_Init
 115              	.LVL3:
  63:Core/Src/gpio.c **** 
  64:Core/Src/gpio.c ****   /*Configure GPIO pin : PB0 */
  65:Core/Src/gpio.c ****   GPIO_InitStruct.Pin = GPIO_PIN_0;
 116              		.loc 1 65 3 view .LVU26
 117              		.loc 1 65 23 is_stmt 0 view .LVU27
 118 005e 0394     		str	r4, [sp, #12]
  66:Core/Src/gpio.c ****   GPIO_InitStruct.Mode = GPIO_MODE_OUTPUT_PP;
 119              		.loc 1 66 3 is_stmt 1 view .LVU28
 120              		.loc 1 66 24 is_stmt 0 view .LVU29
 121 0060 0494     		str	r4, [sp, #16]
  67:Core/Src/gpio.c ****   GPIO_InitStruct.Pull = GPIO_NOPULL;
 122              		.loc 1 67 3 is_stmt 1 view .LVU30
 123              		.loc 1 67 24 is_stmt 0 view .LVU31
 124 0062 0595     		str	r5, [sp, #20]
  68:Core/Src/gpio.c ****   GPIO_InitStruct.Speed = GPIO_SPEED_FREQ_LOW;
 125              		.loc 1 68 3 is_stmt 1 view .LVU32
 126              		.loc 1 68 25 is_stmt 0 view .LVU33
 127 0064 0695     		str	r5, [sp, #24]
  69:Core/Src/gpio.c ****   HAL_GPIO_Init(GPIOB, &GPIO_InitStruct);
 128              		.loc 1 69 3 is_stmt 1 view .LVU34
 129 0066 03A9     		add	r1, sp, #12
 130 0068 3000     		movs	r0, r6
 131 006a FFF7FEFF 		bl	HAL_GPIO_Init
 132              	.LVL4:
  70:Core/Src/gpio.c **** 
  71:Core/Src/gpio.c **** }
 133              		.loc 1 71 1 is_stmt 0 view .LVU35
 134 006e 09B0     		add	sp, sp, #36
 135              		@ sp needed
 136 0070 F0BD     		pop	{r4, r5, r6, r7, pc}
 137              	.L3:
 138 0072 C046     		.align	2
 139              	.L2:
 140 0074 00100240 		.word	1073876992
 141 0078 00040050 		.word	1342178304
 142              		.cfi_endproc
 143              	.LFE290:
 145              		.text
 146              	.Letext0:
 147              		.file 2 "f:\\vscode-for-stm32\\gcc\\12.2-mpacbti-bet1\\arm-none-eabi\\include\\machine\\_default_t
 148              		.file 3 "f:\\vscode-for-stm32\\gcc\\12.2-mpacbti-bet1\\arm-none-eabi\\include\\sys\\_stdint.h"
 149              		.file 4 "Drivers/CMSIS/Device/ST/STM32G0xx/Include/stm32g030xx.h"
 150              		.file 5 "Drivers/STM32G0xx_HAL_Driver/Inc/stm32g0xx_hal_gpio.h"
 151              		.file 6 "Drivers/STM32G0xx_HAL_Driver/Inc/stm32g0xx_ll_dma.h"
 152              		.file 7 "<built-in>"
ARM GAS  C:\Users\W_LINU~1\AppData\Local\Temp\ccZaBcc2.s 			page 5


DEFINED SYMBOLS
                            *ABS*:00000000 gpio.c
C:\Users\W_LINU~1\AppData\Local\Temp\ccZaBcc2.s:19     .text.MX_GPIO_Init:00000000 $t
C:\Users\W_LINU~1\AppData\Local\Temp\ccZaBcc2.s:25     .text.MX_GPIO_Init:00000000 MX_GPIO_Init
C:\Users\W_LINU~1\AppData\Local\Temp\ccZaBcc2.s:140    .text.MX_GPIO_Init:00000074 $d

UNDEFINED SYMBOLS
memset
HAL_GPIO_WritePin
HAL_GPIO_Init
