ARM GAS  C:\Users\W_LINU~1\AppData\Local\Temp\ccaMWUfc.s 			page 1


   1              		.cpu cortex-m0plus
   2              		.arch armv6s-m
   3              		.fpu softvfp
   4              		.eabi_attribute 20, 1
   5              		.eabi_attribute 21, 1
   6              		.eabi_attribute 23, 3
   7              		.eabi_attribute 24, 1
   8              		.eabi_attribute 25, 1
   9              		.eabi_attribute 26, 1
  10              		.eabi_attribute 30, 1
  11              		.eabi_attribute 34, 0
  12              		.eabi_attribute 18, 4
  13              		.file	"stm32g0xx_it.c"
  14              		.text
  15              	.Ltext0:
  16              		.cfi_sections	.debug_frame
  17              		.file 1 "Core/Src/stm32g0xx_it.c"
  18              		.section	.text.NMI_Handler,"ax",%progbits
  19              		.align	1
  20              		.global	NMI_Handler
  21              		.syntax unified
  22              		.code	16
  23              		.thumb_func
  25              	NMI_Handler:
  26              	.LFB290:
   1:Core/Src/stm32g0xx_it.c **** /* USER CODE BEGIN Header */
   2:Core/Src/stm32g0xx_it.c **** /**
   3:Core/Src/stm32g0xx_it.c ****   ******************************************************************************
   4:Core/Src/stm32g0xx_it.c ****   * @file    stm32g0xx_it.c
   5:Core/Src/stm32g0xx_it.c ****   * @brief   Interrupt Service Routines.
   6:Core/Src/stm32g0xx_it.c ****   ******************************************************************************
   7:Core/Src/stm32g0xx_it.c ****   * @attention
   8:Core/Src/stm32g0xx_it.c ****   *
   9:Core/Src/stm32g0xx_it.c ****   * Copyright (c) 2022 STMicroelectronics.
  10:Core/Src/stm32g0xx_it.c ****   * All rights reserved.
  11:Core/Src/stm32g0xx_it.c ****   *
  12:Core/Src/stm32g0xx_it.c ****   * This software is licensed under terms that can be found in the LICENSE file
  13:Core/Src/stm32g0xx_it.c ****   * in the root directory of this software component.
  14:Core/Src/stm32g0xx_it.c ****   * If no LICENSE file comes with this software, it is provided AS-IS.
  15:Core/Src/stm32g0xx_it.c ****   *
  16:Core/Src/stm32g0xx_it.c ****   ******************************************************************************
  17:Core/Src/stm32g0xx_it.c ****   */
  18:Core/Src/stm32g0xx_it.c **** /* USER CODE END Header */
  19:Core/Src/stm32g0xx_it.c **** 
  20:Core/Src/stm32g0xx_it.c **** /* Includes ------------------------------------------------------------------*/
  21:Core/Src/stm32g0xx_it.c **** #include "main.h"
  22:Core/Src/stm32g0xx_it.c **** #include "stm32g0xx_it.h"
  23:Core/Src/stm32g0xx_it.c **** /* Private includes ----------------------------------------------------------*/
  24:Core/Src/stm32g0xx_it.c **** /* USER CODE BEGIN Includes */
  25:Core/Src/stm32g0xx_it.c **** /* USER CODE END Includes */
  26:Core/Src/stm32g0xx_it.c **** 
  27:Core/Src/stm32g0xx_it.c **** /* Private typedef -----------------------------------------------------------*/
  28:Core/Src/stm32g0xx_it.c **** /* USER CODE BEGIN TD */
  29:Core/Src/stm32g0xx_it.c **** 
  30:Core/Src/stm32g0xx_it.c **** /* USER CODE END TD */
  31:Core/Src/stm32g0xx_it.c **** 
  32:Core/Src/stm32g0xx_it.c **** /* Private define ------------------------------------------------------------*/
ARM GAS  C:\Users\W_LINU~1\AppData\Local\Temp\ccaMWUfc.s 			page 2


  33:Core/Src/stm32g0xx_it.c **** /* USER CODE BEGIN PD */
  34:Core/Src/stm32g0xx_it.c **** 
  35:Core/Src/stm32g0xx_it.c **** /* USER CODE END PD */
  36:Core/Src/stm32g0xx_it.c **** 
  37:Core/Src/stm32g0xx_it.c **** /* Private macro -------------------------------------------------------------*/
  38:Core/Src/stm32g0xx_it.c **** /* USER CODE BEGIN PM */
  39:Core/Src/stm32g0xx_it.c **** 
  40:Core/Src/stm32g0xx_it.c **** /* USER CODE END PM */
  41:Core/Src/stm32g0xx_it.c **** 
  42:Core/Src/stm32g0xx_it.c **** /* Private variables ---------------------------------------------------------*/
  43:Core/Src/stm32g0xx_it.c **** /* USER CODE BEGIN PV */
  44:Core/Src/stm32g0xx_it.c **** 
  45:Core/Src/stm32g0xx_it.c **** /* USER CODE END PV */
  46:Core/Src/stm32g0xx_it.c **** 
  47:Core/Src/stm32g0xx_it.c **** /* Private function prototypes -----------------------------------------------*/
  48:Core/Src/stm32g0xx_it.c **** /* USER CODE BEGIN PFP */
  49:Core/Src/stm32g0xx_it.c **** 
  50:Core/Src/stm32g0xx_it.c **** /* USER CODE END PFP */
  51:Core/Src/stm32g0xx_it.c **** 
  52:Core/Src/stm32g0xx_it.c **** /* Private user code ---------------------------------------------------------*/
  53:Core/Src/stm32g0xx_it.c **** /* USER CODE BEGIN 0 */
  54:Core/Src/stm32g0xx_it.c **** 
  55:Core/Src/stm32g0xx_it.c **** /* USER CODE END 0 */
  56:Core/Src/stm32g0xx_it.c **** 
  57:Core/Src/stm32g0xx_it.c **** /* External variables --------------------------------------------------------*/
  58:Core/Src/stm32g0xx_it.c **** extern TIM_HandleTypeDef htim16;
  59:Core/Src/stm32g0xx_it.c **** extern TIM_HandleTypeDef htim17;
  60:Core/Src/stm32g0xx_it.c **** extern UART_HandleTypeDef huart1;
  61:Core/Src/stm32g0xx_it.c **** /* USER CODE BEGIN EV */
  62:Core/Src/stm32g0xx_it.c **** 
  63:Core/Src/stm32g0xx_it.c **** /* USER CODE END EV */
  64:Core/Src/stm32g0xx_it.c **** 
  65:Core/Src/stm32g0xx_it.c **** /******************************************************************************/
  66:Core/Src/stm32g0xx_it.c **** /*           Cortex-M0+ Processor Interruption and Exception Handlers          */
  67:Core/Src/stm32g0xx_it.c **** /******************************************************************************/
  68:Core/Src/stm32g0xx_it.c **** /**
  69:Core/Src/stm32g0xx_it.c ****   * @brief This function handles Non maskable interrupt.
  70:Core/Src/stm32g0xx_it.c ****   */
  71:Core/Src/stm32g0xx_it.c **** void NMI_Handler(void)
  72:Core/Src/stm32g0xx_it.c **** {
  27              		.loc 1 72 1 view -0
  28              		.cfi_startproc
  29              		@ Volatile: function does not return.
  30              		@ args = 0, pretend = 0, frame = 0
  31              		@ frame_needed = 0, uses_anonymous_args = 0
  32              		@ link register save eliminated.
  33              	.L2:
  73:Core/Src/stm32g0xx_it.c ****   /* USER CODE BEGIN NonMaskableInt_IRQn 0 */
  74:Core/Src/stm32g0xx_it.c **** 
  75:Core/Src/stm32g0xx_it.c ****   /* USER CODE END NonMaskableInt_IRQn 0 */
  76:Core/Src/stm32g0xx_it.c ****   /* USER CODE BEGIN NonMaskableInt_IRQn 1 */
  77:Core/Src/stm32g0xx_it.c ****   while (1)
  34              		.loc 1 77 3 discriminator 1 view .LVU1
  78:Core/Src/stm32g0xx_it.c ****   {
  79:Core/Src/stm32g0xx_it.c ****   }
  35              		.loc 1 79 3 discriminator 1 view .LVU2
  77:Core/Src/stm32g0xx_it.c ****   {
ARM GAS  C:\Users\W_LINU~1\AppData\Local\Temp\ccaMWUfc.s 			page 3


  36              		.loc 1 77 9 discriminator 1 view .LVU3
  37 0000 FEE7     		b	.L2
  38              		.cfi_endproc
  39              	.LFE290:
  41              		.section	.text.HardFault_Handler,"ax",%progbits
  42              		.align	1
  43              		.global	HardFault_Handler
  44              		.syntax unified
  45              		.code	16
  46              		.thumb_func
  48              	HardFault_Handler:
  49              	.LFB291:
  80:Core/Src/stm32g0xx_it.c ****   /* USER CODE END NonMaskableInt_IRQn 1 */
  81:Core/Src/stm32g0xx_it.c **** }
  82:Core/Src/stm32g0xx_it.c **** 
  83:Core/Src/stm32g0xx_it.c **** /**
  84:Core/Src/stm32g0xx_it.c ****   * @brief This function handles Hard fault interrupt.
  85:Core/Src/stm32g0xx_it.c ****   */
  86:Core/Src/stm32g0xx_it.c **** void HardFault_Handler(void)
  87:Core/Src/stm32g0xx_it.c **** {
  50              		.loc 1 87 1 view -0
  51              		.cfi_startproc
  52              		@ Volatile: function does not return.
  53              		@ args = 0, pretend = 0, frame = 0
  54              		@ frame_needed = 0, uses_anonymous_args = 0
  55              		@ link register save eliminated.
  56              	.L4:
  88:Core/Src/stm32g0xx_it.c ****   /* USER CODE BEGIN HardFault_IRQn 0 */
  89:Core/Src/stm32g0xx_it.c **** 
  90:Core/Src/stm32g0xx_it.c ****   /* USER CODE END HardFault_IRQn 0 */
  91:Core/Src/stm32g0xx_it.c ****   while (1)
  57              		.loc 1 91 3 discriminator 1 view .LVU5
  92:Core/Src/stm32g0xx_it.c ****   {
  93:Core/Src/stm32g0xx_it.c ****     /* USER CODE BEGIN W1_HardFault_IRQn 0 */
  94:Core/Src/stm32g0xx_it.c ****     /* USER CODE END W1_HardFault_IRQn 0 */
  95:Core/Src/stm32g0xx_it.c ****   }
  58              		.loc 1 95 3 discriminator 1 view .LVU6
  91:Core/Src/stm32g0xx_it.c ****   {
  59              		.loc 1 91 9 discriminator 1 view .LVU7
  60 0000 FEE7     		b	.L4
  61              		.cfi_endproc
  62              	.LFE291:
  64              		.section	.text.SVC_Handler,"ax",%progbits
  65              		.align	1
  66              		.global	SVC_Handler
  67              		.syntax unified
  68              		.code	16
  69              		.thumb_func
  71              	SVC_Handler:
  72              	.LFB292:
  96:Core/Src/stm32g0xx_it.c **** }
  97:Core/Src/stm32g0xx_it.c **** 
  98:Core/Src/stm32g0xx_it.c **** /**
  99:Core/Src/stm32g0xx_it.c ****   * @brief This function handles System service call via SWI instruction.
 100:Core/Src/stm32g0xx_it.c ****   */
 101:Core/Src/stm32g0xx_it.c **** void SVC_Handler(void)
 102:Core/Src/stm32g0xx_it.c **** {
ARM GAS  C:\Users\W_LINU~1\AppData\Local\Temp\ccaMWUfc.s 			page 4


  73              		.loc 1 102 1 view -0
  74              		.cfi_startproc
  75              		@ args = 0, pretend = 0, frame = 0
  76              		@ frame_needed = 0, uses_anonymous_args = 0
  77              		@ link register save eliminated.
 103:Core/Src/stm32g0xx_it.c ****   /* USER CODE BEGIN SVC_IRQn 0 */
 104:Core/Src/stm32g0xx_it.c **** 
 105:Core/Src/stm32g0xx_it.c ****   /* USER CODE END SVC_IRQn 0 */
 106:Core/Src/stm32g0xx_it.c ****   /* USER CODE BEGIN SVC_IRQn 1 */
 107:Core/Src/stm32g0xx_it.c **** 
 108:Core/Src/stm32g0xx_it.c ****   /* USER CODE END SVC_IRQn 1 */
 109:Core/Src/stm32g0xx_it.c **** }
  78              		.loc 1 109 1 view .LVU9
  79              		@ sp needed
  80 0000 7047     		bx	lr
  81              		.cfi_endproc
  82              	.LFE292:
  84              		.section	.text.PendSV_Handler,"ax",%progbits
  85              		.align	1
  86              		.global	PendSV_Handler
  87              		.syntax unified
  88              		.code	16
  89              		.thumb_func
  91              	PendSV_Handler:
  92              	.LFB293:
 110:Core/Src/stm32g0xx_it.c **** 
 111:Core/Src/stm32g0xx_it.c **** /**
 112:Core/Src/stm32g0xx_it.c ****   * @brief This function handles Pendable request for system service.
 113:Core/Src/stm32g0xx_it.c ****   */
 114:Core/Src/stm32g0xx_it.c **** void PendSV_Handler(void)
 115:Core/Src/stm32g0xx_it.c **** {
  93              		.loc 1 115 1 view -0
  94              		.cfi_startproc
  95              		@ args = 0, pretend = 0, frame = 0
  96              		@ frame_needed = 0, uses_anonymous_args = 0
  97              		@ link register save eliminated.
 116:Core/Src/stm32g0xx_it.c ****   /* USER CODE BEGIN PendSV_IRQn 0 */
 117:Core/Src/stm32g0xx_it.c **** 
 118:Core/Src/stm32g0xx_it.c ****   /* USER CODE END PendSV_IRQn 0 */
 119:Core/Src/stm32g0xx_it.c ****   /* USER CODE BEGIN PendSV_IRQn 1 */
 120:Core/Src/stm32g0xx_it.c **** 
 121:Core/Src/stm32g0xx_it.c ****   /* USER CODE END PendSV_IRQn 1 */
 122:Core/Src/stm32g0xx_it.c **** }
  98              		.loc 1 122 1 view .LVU11
  99              		@ sp needed
 100 0000 7047     		bx	lr
 101              		.cfi_endproc
 102              	.LFE293:
 104              		.section	.text.SysTick_Handler,"ax",%progbits
 105              		.align	1
 106              		.global	SysTick_Handler
 107              		.syntax unified
 108              		.code	16
 109              		.thumb_func
 111              	SysTick_Handler:
 112              	.LFB294:
 123:Core/Src/stm32g0xx_it.c **** 
ARM GAS  C:\Users\W_LINU~1\AppData\Local\Temp\ccaMWUfc.s 			page 5


 124:Core/Src/stm32g0xx_it.c **** /**
 125:Core/Src/stm32g0xx_it.c ****   * @brief This function handles System tick timer.
 126:Core/Src/stm32g0xx_it.c ****   */
 127:Core/Src/stm32g0xx_it.c **** void SysTick_Handler(void)
 128:Core/Src/stm32g0xx_it.c **** {
 113              		.loc 1 128 1 view -0
 114              		.cfi_startproc
 115              		@ args = 0, pretend = 0, frame = 0
 116              		@ frame_needed = 0, uses_anonymous_args = 0
 117 0000 10B5     		push	{r4, lr}
 118              	.LCFI0:
 119              		.cfi_def_cfa_offset 8
 120              		.cfi_offset 4, -8
 121              		.cfi_offset 14, -4
 129:Core/Src/stm32g0xx_it.c ****   /* USER CODE BEGIN SysTick_IRQn 0 */
 130:Core/Src/stm32g0xx_it.c **** 
 131:Core/Src/stm32g0xx_it.c ****   /* USER CODE END SysTick_IRQn 0 */
 132:Core/Src/stm32g0xx_it.c ****   HAL_IncTick();
 122              		.loc 1 132 3 view .LVU13
 123 0002 FFF7FEFF 		bl	HAL_IncTick
 124              	.LVL0:
 133:Core/Src/stm32g0xx_it.c ****   /* USER CODE BEGIN SysTick_IRQn 1 */
 134:Core/Src/stm32g0xx_it.c **** 
 135:Core/Src/stm32g0xx_it.c ****   /* USER CODE END SysTick_IRQn 1 */
 136:Core/Src/stm32g0xx_it.c **** }
 125              		.loc 1 136 1 is_stmt 0 view .LVU14
 126              		@ sp needed
 127 0006 10BD     		pop	{r4, pc}
 128              		.cfi_endproc
 129              	.LFE294:
 131              		.section	.text.TIM16_IRQHandler,"ax",%progbits
 132              		.align	1
 133              		.global	TIM16_IRQHandler
 134              		.syntax unified
 135              		.code	16
 136              		.thumb_func
 138              	TIM16_IRQHandler:
 139              	.LFB295:
 137:Core/Src/stm32g0xx_it.c **** 
 138:Core/Src/stm32g0xx_it.c **** /******************************************************************************/
 139:Core/Src/stm32g0xx_it.c **** /* STM32G0xx Peripheral Interrupt Handlers                                    */
 140:Core/Src/stm32g0xx_it.c **** /* Add here the Interrupt Handlers for the used peripherals.                  */
 141:Core/Src/stm32g0xx_it.c **** /* For the available peripheral interrupt handler names,                      */
 142:Core/Src/stm32g0xx_it.c **** /* please refer to the startup file (startup_stm32g0xx.s).                    */
 143:Core/Src/stm32g0xx_it.c **** /******************************************************************************/
 144:Core/Src/stm32g0xx_it.c **** 
 145:Core/Src/stm32g0xx_it.c **** /**
 146:Core/Src/stm32g0xx_it.c ****   * @brief This function handles TIM16 global interrupt.
 147:Core/Src/stm32g0xx_it.c ****   */
 148:Core/Src/stm32g0xx_it.c **** void TIM16_IRQHandler(void)
 149:Core/Src/stm32g0xx_it.c **** {
 140              		.loc 1 149 1 is_stmt 1 view -0
 141              		.cfi_startproc
 142              		@ args = 0, pretend = 0, frame = 0
 143              		@ frame_needed = 0, uses_anonymous_args = 0
 144 0000 10B5     		push	{r4, lr}
 145              	.LCFI1:
ARM GAS  C:\Users\W_LINU~1\AppData\Local\Temp\ccaMWUfc.s 			page 6


 146              		.cfi_def_cfa_offset 8
 147              		.cfi_offset 4, -8
 148              		.cfi_offset 14, -4
 150:Core/Src/stm32g0xx_it.c ****   /* USER CODE BEGIN TIM16_IRQn 0 */
 151:Core/Src/stm32g0xx_it.c **** 
 152:Core/Src/stm32g0xx_it.c ****   /* USER CODE END TIM16_IRQn 0 */
 153:Core/Src/stm32g0xx_it.c ****   HAL_TIM_IRQHandler(&htim16);
 149              		.loc 1 153 3 view .LVU16
 150 0002 0248     		ldr	r0, .L9
 151 0004 FFF7FEFF 		bl	HAL_TIM_IRQHandler
 152              	.LVL1:
 154:Core/Src/stm32g0xx_it.c ****   /* USER CODE BEGIN TIM16_IRQn 1 */
 155:Core/Src/stm32g0xx_it.c **** 
 156:Core/Src/stm32g0xx_it.c ****   /* USER CODE END TIM16_IRQn 1 */
 157:Core/Src/stm32g0xx_it.c **** }
 153              		.loc 1 157 1 is_stmt 0 view .LVU17
 154              		@ sp needed
 155 0008 10BD     		pop	{r4, pc}
 156              	.L10:
 157 000a C046     		.align	2
 158              	.L9:
 159 000c 00000000 		.word	htim16
 160              		.cfi_endproc
 161              	.LFE295:
 163              		.section	.text.TIM17_IRQHandler,"ax",%progbits
 164              		.align	1
 165              		.global	TIM17_IRQHandler
 166              		.syntax unified
 167              		.code	16
 168              		.thumb_func
 170              	TIM17_IRQHandler:
 171              	.LFB296:
 158:Core/Src/stm32g0xx_it.c **** 
 159:Core/Src/stm32g0xx_it.c **** /**
 160:Core/Src/stm32g0xx_it.c ****   * @brief This function handles TIM17 global interrupt.
 161:Core/Src/stm32g0xx_it.c ****   */
 162:Core/Src/stm32g0xx_it.c **** void TIM17_IRQHandler(void)
 163:Core/Src/stm32g0xx_it.c **** {
 172              		.loc 1 163 1 is_stmt 1 view -0
 173              		.cfi_startproc
 174              		@ args = 0, pretend = 0, frame = 0
 175              		@ frame_needed = 0, uses_anonymous_args = 0
 176 0000 10B5     		push	{r4, lr}
 177              	.LCFI2:
 178              		.cfi_def_cfa_offset 8
 179              		.cfi_offset 4, -8
 180              		.cfi_offset 14, -4
 164:Core/Src/stm32g0xx_it.c ****   /* USER CODE BEGIN TIM17_IRQn 0 */
 165:Core/Src/stm32g0xx_it.c **** 
 166:Core/Src/stm32g0xx_it.c ****   /* USER CODE END TIM17_IRQn 0 */
 167:Core/Src/stm32g0xx_it.c ****   HAL_TIM_IRQHandler(&htim17);
 181              		.loc 1 167 3 view .LVU19
 182 0002 0248     		ldr	r0, .L12
 183 0004 FFF7FEFF 		bl	HAL_TIM_IRQHandler
 184              	.LVL2:
 168:Core/Src/stm32g0xx_it.c ****   /* USER CODE BEGIN TIM17_IRQn 1 */
 169:Core/Src/stm32g0xx_it.c **** 
ARM GAS  C:\Users\W_LINU~1\AppData\Local\Temp\ccaMWUfc.s 			page 7


 170:Core/Src/stm32g0xx_it.c ****   /* USER CODE END TIM17_IRQn 1 */
 171:Core/Src/stm32g0xx_it.c **** }
 185              		.loc 1 171 1 is_stmt 0 view .LVU20
 186              		@ sp needed
 187 0008 10BD     		pop	{r4, pc}
 188              	.L13:
 189 000a C046     		.align	2
 190              	.L12:
 191 000c 00000000 		.word	htim17
 192              		.cfi_endproc
 193              	.LFE296:
 195              		.section	.text.USART1_IRQHandler,"ax",%progbits
 196              		.align	1
 197              		.global	USART1_IRQHandler
 198              		.syntax unified
 199              		.code	16
 200              		.thumb_func
 202              	USART1_IRQHandler:
 203              	.LFB297:
 172:Core/Src/stm32g0xx_it.c **** 
 173:Core/Src/stm32g0xx_it.c **** /**
 174:Core/Src/stm32g0xx_it.c ****   * @brief This function handles USART1 global interrupt / USART1 wake-up interrupt through EXTI li
 175:Core/Src/stm32g0xx_it.c ****   */
 176:Core/Src/stm32g0xx_it.c **** void USART1_IRQHandler(void)
 177:Core/Src/stm32g0xx_it.c **** {
 204              		.loc 1 177 1 is_stmt 1 view -0
 205              		.cfi_startproc
 206              		@ args = 0, pretend = 0, frame = 0
 207              		@ frame_needed = 0, uses_anonymous_args = 0
 208 0000 10B5     		push	{r4, lr}
 209              	.LCFI3:
 210              		.cfi_def_cfa_offset 8
 211              		.cfi_offset 4, -8
 212              		.cfi_offset 14, -4
 178:Core/Src/stm32g0xx_it.c ****   /* USER CODE BEGIN USART1_IRQn 0 */
 179:Core/Src/stm32g0xx_it.c **** 
 180:Core/Src/stm32g0xx_it.c ****   /* USER CODE END USART1_IRQn 0 */
 181:Core/Src/stm32g0xx_it.c ****   HAL_UART_IRQHandler(&huart1);
 213              		.loc 1 181 3 view .LVU22
 214 0002 0248     		ldr	r0, .L15
 215 0004 FFF7FEFF 		bl	HAL_UART_IRQHandler
 216              	.LVL3:
 182:Core/Src/stm32g0xx_it.c ****   /* USER CODE BEGIN USART1_IRQn 1 */
 183:Core/Src/stm32g0xx_it.c **** 
 184:Core/Src/stm32g0xx_it.c ****   /* USER CODE END USART1_IRQn 1 */
 185:Core/Src/stm32g0xx_it.c **** }
 217              		.loc 1 185 1 is_stmt 0 view .LVU23
 218              		@ sp needed
 219 0008 10BD     		pop	{r4, pc}
 220              	.L16:
 221 000a C046     		.align	2
 222              	.L15:
 223 000c 00000000 		.word	huart1
 224              		.cfi_endproc
 225              	.LFE297:
 227              		.text
 228              	.Letext0:
ARM GAS  C:\Users\W_LINU~1\AppData\Local\Temp\ccaMWUfc.s 			page 8


 229              		.file 2 "f:\\vscode-for-stm32\\gcc\\12.2-mpacbti-bet1\\arm-none-eabi\\include\\machine\\_default_t
 230              		.file 3 "f:\\vscode-for-stm32\\gcc\\12.2-mpacbti-bet1\\arm-none-eabi\\include\\sys\\_stdint.h"
 231              		.file 4 "Drivers/CMSIS/Device/ST/STM32G0xx/Include/stm32g030xx.h"
 232              		.file 5 "Drivers/STM32G0xx_HAL_Driver/Inc/stm32g0xx_hal_def.h"
 233              		.file 6 "Drivers/STM32G0xx_HAL_Driver/Inc/stm32g0xx_hal_dma.h"
 234              		.file 7 "Drivers/STM32G0xx_HAL_Driver/Inc/stm32g0xx_hal_tim.h"
 235              		.file 8 "Drivers/STM32G0xx_HAL_Driver/Inc/stm32g0xx_hal_uart.h"
 236              		.file 9 "Drivers/STM32G0xx_HAL_Driver/Inc/stm32g0xx_ll_dma.h"
 237              		.file 10 "Drivers/STM32G0xx_HAL_Driver/Inc/stm32g0xx_hal.h"
ARM GAS  C:\Users\W_LINU~1\AppData\Local\Temp\ccaMWUfc.s 			page 9


DEFINED SYMBOLS
                            *ABS*:00000000 stm32g0xx_it.c
C:\Users\W_LINU~1\AppData\Local\Temp\ccaMWUfc.s:19     .text.NMI_Handler:00000000 $t
C:\Users\W_LINU~1\AppData\Local\Temp\ccaMWUfc.s:25     .text.NMI_Handler:00000000 NMI_Handler
C:\Users\W_LINU~1\AppData\Local\Temp\ccaMWUfc.s:42     .text.HardFault_Handler:00000000 $t
C:\Users\W_LINU~1\AppData\Local\Temp\ccaMWUfc.s:48     .text.HardFault_Handler:00000000 HardFault_Handler
C:\Users\W_LINU~1\AppData\Local\Temp\ccaMWUfc.s:65     .text.SVC_Handler:00000000 $t
C:\Users\W_LINU~1\AppData\Local\Temp\ccaMWUfc.s:71     .text.SVC_Handler:00000000 SVC_Handler
C:\Users\W_LINU~1\AppData\Local\Temp\ccaMWUfc.s:85     .text.PendSV_Handler:00000000 $t
C:\Users\W_LINU~1\AppData\Local\Temp\ccaMWUfc.s:91     .text.PendSV_Handler:00000000 PendSV_Handler
C:\Users\W_LINU~1\AppData\Local\Temp\ccaMWUfc.s:105    .text.SysTick_Handler:00000000 $t
C:\Users\W_LINU~1\AppData\Local\Temp\ccaMWUfc.s:111    .text.SysTick_Handler:00000000 SysTick_Handler
C:\Users\W_LINU~1\AppData\Local\Temp\ccaMWUfc.s:132    .text.TIM16_IRQHandler:00000000 $t
C:\Users\W_LINU~1\AppData\Local\Temp\ccaMWUfc.s:138    .text.TIM16_IRQHandler:00000000 TIM16_IRQHandler
C:\Users\W_LINU~1\AppData\Local\Temp\ccaMWUfc.s:159    .text.TIM16_IRQHandler:0000000c $d
C:\Users\W_LINU~1\AppData\Local\Temp\ccaMWUfc.s:164    .text.TIM17_IRQHandler:00000000 $t
C:\Users\W_LINU~1\AppData\Local\Temp\ccaMWUfc.s:170    .text.TIM17_IRQHandler:00000000 TIM17_IRQHandler
C:\Users\W_LINU~1\AppData\Local\Temp\ccaMWUfc.s:191    .text.TIM17_IRQHandler:0000000c $d
C:\Users\W_LINU~1\AppData\Local\Temp\ccaMWUfc.s:196    .text.USART1_IRQHandler:00000000 $t
C:\Users\W_LINU~1\AppData\Local\Temp\ccaMWUfc.s:202    .text.USART1_IRQHandler:00000000 USART1_IRQHandler
C:\Users\W_LINU~1\AppData\Local\Temp\ccaMWUfc.s:223    .text.USART1_IRQHandler:0000000c $d

UNDEFINED SYMBOLS
HAL_IncTick
HAL_TIM_IRQHandler
htim16
htim17
HAL_UART_IRQHandler
huart1
