ARM GAS  C:\Users\W_LINU~1\AppData\Local\Temp\ccOqv5Kf.s 			page 1


   1              		.cpu cortex-m0plus
   2              		.arch armv6s-m
   3              		.fpu softvfp
   4              		.eabi_attribute 20, 1
   5              		.eabi_attribute 21, 1
   6              		.eabi_attribute 23, 3
   7              		.eabi_attribute 24, 1
   8              		.eabi_attribute 25, 1
   9              		.eabi_attribute 26, 1
  10              		.eabi_attribute 30, 1
  11              		.eabi_attribute 34, 0
  12              		.eabi_attribute 18, 4
  13              		.file	"tim.c"
  14              		.text
  15              	.Ltext0:
  16              		.cfi_sections	.debug_frame
  17              		.file 1 "Core/Src/tim.c"
  18              		.section	.text.MX_TIM16_Init,"ax",%progbits
  19              		.align	1
  20              		.global	MX_TIM16_Init
  21              		.syntax unified
  22              		.code	16
  23              		.thumb_func
  25              	MX_TIM16_Init:
  26              	.LFB290:
   1:Core/Src/tim.c **** /* USER CODE BEGIN Header */
   2:Core/Src/tim.c **** /**
   3:Core/Src/tim.c ****   ******************************************************************************
   4:Core/Src/tim.c ****   * @file    tim.c
   5:Core/Src/tim.c ****   * @brief   This file provides code for the configuration
   6:Core/Src/tim.c ****   *          of the TIM instances.
   7:Core/Src/tim.c ****   ******************************************************************************
   8:Core/Src/tim.c ****   * @attention
   9:Core/Src/tim.c ****   *
  10:Core/Src/tim.c ****   * Copyright (c) 2022 STMicroelectronics.
  11:Core/Src/tim.c ****   * All rights reserved.
  12:Core/Src/tim.c ****   *
  13:Core/Src/tim.c ****   * This software is licensed under terms that can be found in the LICENSE file
  14:Core/Src/tim.c ****   * in the root directory of this software component.
  15:Core/Src/tim.c ****   * If no LICENSE file comes with this software, it is provided AS-IS.
  16:Core/Src/tim.c ****   *
  17:Core/Src/tim.c ****   ******************************************************************************
  18:Core/Src/tim.c ****   */
  19:Core/Src/tim.c **** /* USER CODE END Header */
  20:Core/Src/tim.c **** /* Includes ------------------------------------------------------------------*/
  21:Core/Src/tim.c **** #include "tim.h"
  22:Core/Src/tim.c **** 
  23:Core/Src/tim.c **** /* USER CODE BEGIN 0 */
  24:Core/Src/tim.c **** 
  25:Core/Src/tim.c **** /* USER CODE END 0 */
  26:Core/Src/tim.c **** 
  27:Core/Src/tim.c **** TIM_HandleTypeDef htim16;
  28:Core/Src/tim.c **** TIM_HandleTypeDef htim17;
  29:Core/Src/tim.c **** 
  30:Core/Src/tim.c **** /* TIM16 init function */
  31:Core/Src/tim.c **** void MX_TIM16_Init(void)
  32:Core/Src/tim.c **** {
ARM GAS  C:\Users\W_LINU~1\AppData\Local\Temp\ccOqv5Kf.s 			page 2


  27              		.loc 1 32 1 view -0
  28              		.cfi_startproc
  29              		@ args = 0, pretend = 0, frame = 0
  30              		@ frame_needed = 0, uses_anonymous_args = 0
  31 0000 10B5     		push	{r4, lr}
  32              	.LCFI0:
  33              		.cfi_def_cfa_offset 8
  34              		.cfi_offset 4, -8
  35              		.cfi_offset 14, -4
  33:Core/Src/tim.c **** 
  34:Core/Src/tim.c ****   /* USER CODE BEGIN TIM16_Init 0 */
  35:Core/Src/tim.c **** 
  36:Core/Src/tim.c ****   /* USER CODE END TIM16_Init 0 */
  37:Core/Src/tim.c **** 
  38:Core/Src/tim.c ****   /* USER CODE BEGIN TIM16_Init 1 */
  39:Core/Src/tim.c **** 
  40:Core/Src/tim.c ****   /* USER CODE END TIM16_Init 1 */
  41:Core/Src/tim.c ****   htim16.Instance = TIM16;
  36              		.loc 1 41 3 view .LVU1
  37              		.loc 1 41 19 is_stmt 0 view .LVU2
  38 0002 0A48     		ldr	r0, .L4
  39 0004 0A4B     		ldr	r3, .L4+4
  40 0006 0360     		str	r3, [r0]
  42:Core/Src/tim.c ****   htim16.Init.Prescaler = 64-1;
  41              		.loc 1 42 3 is_stmt 1 view .LVU3
  42              		.loc 1 42 25 is_stmt 0 view .LVU4
  43 0008 3F23     		movs	r3, #63
  44 000a 4360     		str	r3, [r0, #4]
  43:Core/Src/tim.c ****   htim16.Init.CounterMode = TIM_COUNTERMODE_UP;
  45              		.loc 1 43 3 is_stmt 1 view .LVU5
  46              		.loc 1 43 27 is_stmt 0 view .LVU6
  47 000c 0023     		movs	r3, #0
  48 000e 8360     		str	r3, [r0, #8]
  44:Core/Src/tim.c ****   htim16.Init.Period = 65535;
  49              		.loc 1 44 3 is_stmt 1 view .LVU7
  50              		.loc 1 44 22 is_stmt 0 view .LVU8
  51 0010 084A     		ldr	r2, .L4+8
  52 0012 C260     		str	r2, [r0, #12]
  45:Core/Src/tim.c ****   htim16.Init.ClockDivision = TIM_CLOCKDIVISION_DIV1;
  53              		.loc 1 45 3 is_stmt 1 view .LVU9
  54              		.loc 1 45 29 is_stmt 0 view .LVU10
  55 0014 0361     		str	r3, [r0, #16]
  46:Core/Src/tim.c ****   htim16.Init.RepetitionCounter = 0;
  56              		.loc 1 46 3 is_stmt 1 view .LVU11
  57              		.loc 1 46 33 is_stmt 0 view .LVU12
  58 0016 4361     		str	r3, [r0, #20]
  47:Core/Src/tim.c ****   htim16.Init.AutoReloadPreload = TIM_AUTORELOAD_PRELOAD_DISABLE;
  59              		.loc 1 47 3 is_stmt 1 view .LVU13
  60              		.loc 1 47 33 is_stmt 0 view .LVU14
  61 0018 8361     		str	r3, [r0, #24]
  48:Core/Src/tim.c ****   if (HAL_TIM_Base_Init(&htim16) != HAL_OK)
  62              		.loc 1 48 3 is_stmt 1 view .LVU15
  63              		.loc 1 48 7 is_stmt 0 view .LVU16
  64 001a FFF7FEFF 		bl	HAL_TIM_Base_Init
  65              	.LVL0:
  66              		.loc 1 48 6 view .LVU17
  67 001e 0028     		cmp	r0, #0
ARM GAS  C:\Users\W_LINU~1\AppData\Local\Temp\ccOqv5Kf.s 			page 3


  68 0020 00D1     		bne	.L3
  69              	.L1:
  49:Core/Src/tim.c ****   {
  50:Core/Src/tim.c ****     Error_Handler();
  51:Core/Src/tim.c ****   }
  52:Core/Src/tim.c ****   /* USER CODE BEGIN TIM16_Init 2 */
  53:Core/Src/tim.c **** 
  54:Core/Src/tim.c ****   /* USER CODE END TIM16_Init 2 */
  55:Core/Src/tim.c **** 
  56:Core/Src/tim.c **** }
  70              		.loc 1 56 1 view .LVU18
  71              		@ sp needed
  72 0022 10BD     		pop	{r4, pc}
  73              	.L3:
  50:Core/Src/tim.c ****   }
  74              		.loc 1 50 5 is_stmt 1 view .LVU19
  75 0024 FFF7FEFF 		bl	Error_Handler
  76              	.LVL1:
  77              		.loc 1 56 1 is_stmt 0 view .LVU20
  78 0028 FBE7     		b	.L1
  79              	.L5:
  80 002a C046     		.align	2
  81              	.L4:
  82 002c 00000000 		.word	htim16
  83 0030 00440140 		.word	1073824768
  84 0034 FFFF0000 		.word	65535
  85              		.cfi_endproc
  86              	.LFE290:
  88              		.section	.text.MX_TIM17_Init,"ax",%progbits
  89              		.align	1
  90              		.global	MX_TIM17_Init
  91              		.syntax unified
  92              		.code	16
  93              		.thumb_func
  95              	MX_TIM17_Init:
  96              	.LFB291:
  57:Core/Src/tim.c **** /* TIM17 init function */
  58:Core/Src/tim.c **** void MX_TIM17_Init(void)
  59:Core/Src/tim.c **** {
  97              		.loc 1 59 1 is_stmt 1 view -0
  98              		.cfi_startproc
  99              		@ args = 0, pretend = 0, frame = 0
 100              		@ frame_needed = 0, uses_anonymous_args = 0
 101 0000 10B5     		push	{r4, lr}
 102              	.LCFI1:
 103              		.cfi_def_cfa_offset 8
 104              		.cfi_offset 4, -8
 105              		.cfi_offset 14, -4
  60:Core/Src/tim.c **** 
  61:Core/Src/tim.c ****   /* USER CODE BEGIN TIM17_Init 0 */
  62:Core/Src/tim.c **** 
  63:Core/Src/tim.c ****   /* USER CODE END TIM17_Init 0 */
  64:Core/Src/tim.c **** 
  65:Core/Src/tim.c ****   /* USER CODE BEGIN TIM17_Init 1 */
  66:Core/Src/tim.c **** 
  67:Core/Src/tim.c ****   /* USER CODE END TIM17_Init 1 */
  68:Core/Src/tim.c ****   htim17.Instance = TIM17;
ARM GAS  C:\Users\W_LINU~1\AppData\Local\Temp\ccOqv5Kf.s 			page 4


 106              		.loc 1 68 3 view .LVU22
 107              		.loc 1 68 19 is_stmt 0 view .LVU23
 108 0002 0A48     		ldr	r0, .L9
 109 0004 0A4B     		ldr	r3, .L9+4
 110 0006 0360     		str	r3, [r0]
  69:Core/Src/tim.c ****   htim17.Init.Prescaler = 64-1;
 111              		.loc 1 69 3 is_stmt 1 view .LVU24
 112              		.loc 1 69 25 is_stmt 0 view .LVU25
 113 0008 3F23     		movs	r3, #63
 114 000a 4360     		str	r3, [r0, #4]
  70:Core/Src/tim.c ****   htim17.Init.CounterMode = TIM_COUNTERMODE_UP;
 115              		.loc 1 70 3 is_stmt 1 view .LVU26
 116              		.loc 1 70 27 is_stmt 0 view .LVU27
 117 000c 0023     		movs	r3, #0
 118 000e 8360     		str	r3, [r0, #8]
  71:Core/Src/tim.c ****   htim17.Init.Period = 65535;
 119              		.loc 1 71 3 is_stmt 1 view .LVU28
 120              		.loc 1 71 22 is_stmt 0 view .LVU29
 121 0010 084A     		ldr	r2, .L9+8
 122 0012 C260     		str	r2, [r0, #12]
  72:Core/Src/tim.c ****   htim17.Init.ClockDivision = TIM_CLOCKDIVISION_DIV1;
 123              		.loc 1 72 3 is_stmt 1 view .LVU30
 124              		.loc 1 72 29 is_stmt 0 view .LVU31
 125 0014 0361     		str	r3, [r0, #16]
  73:Core/Src/tim.c ****   htim17.Init.RepetitionCounter = 0;
 126              		.loc 1 73 3 is_stmt 1 view .LVU32
 127              		.loc 1 73 33 is_stmt 0 view .LVU33
 128 0016 4361     		str	r3, [r0, #20]
  74:Core/Src/tim.c ****   htim17.Init.AutoReloadPreload = TIM_AUTORELOAD_PRELOAD_DISABLE;
 129              		.loc 1 74 3 is_stmt 1 view .LVU34
 130              		.loc 1 74 33 is_stmt 0 view .LVU35
 131 0018 8361     		str	r3, [r0, #24]
  75:Core/Src/tim.c ****   if (HAL_TIM_Base_Init(&htim17) != HAL_OK)
 132              		.loc 1 75 3 is_stmt 1 view .LVU36
 133              		.loc 1 75 7 is_stmt 0 view .LVU37
 134 001a FFF7FEFF 		bl	HAL_TIM_Base_Init
 135              	.LVL2:
 136              		.loc 1 75 6 view .LVU38
 137 001e 0028     		cmp	r0, #0
 138 0020 00D1     		bne	.L8
 139              	.L6:
  76:Core/Src/tim.c ****   {
  77:Core/Src/tim.c ****     Error_Handler();
  78:Core/Src/tim.c ****   }
  79:Core/Src/tim.c ****   /* USER CODE BEGIN TIM17_Init 2 */
  80:Core/Src/tim.c **** 
  81:Core/Src/tim.c ****   /* USER CODE END TIM17_Init 2 */
  82:Core/Src/tim.c **** 
  83:Core/Src/tim.c **** }
 140              		.loc 1 83 1 view .LVU39
 141              		@ sp needed
 142 0022 10BD     		pop	{r4, pc}
 143              	.L8:
  77:Core/Src/tim.c ****   }
 144              		.loc 1 77 5 is_stmt 1 view .LVU40
 145 0024 FFF7FEFF 		bl	Error_Handler
 146              	.LVL3:
ARM GAS  C:\Users\W_LINU~1\AppData\Local\Temp\ccOqv5Kf.s 			page 5


 147              		.loc 1 83 1 is_stmt 0 view .LVU41
 148 0028 FBE7     		b	.L6
 149              	.L10:
 150 002a C046     		.align	2
 151              	.L9:
 152 002c 00000000 		.word	htim17
 153 0030 00480140 		.word	1073825792
 154 0034 FFFF0000 		.word	65535
 155              		.cfi_endproc
 156              	.LFE291:
 158              		.section	.text.HAL_TIM_Base_MspInit,"ax",%progbits
 159              		.align	1
 160              		.global	HAL_TIM_Base_MspInit
 161              		.syntax unified
 162              		.code	16
 163              		.thumb_func
 165              	HAL_TIM_Base_MspInit:
 166              	.LVL4:
 167              	.LFB292:
  84:Core/Src/tim.c **** 
  85:Core/Src/tim.c **** void HAL_TIM_Base_MspInit(TIM_HandleTypeDef* tim_baseHandle)
  86:Core/Src/tim.c **** {
 168              		.loc 1 86 1 is_stmt 1 view -0
 169              		.cfi_startproc
 170              		@ args = 0, pretend = 0, frame = 8
 171              		@ frame_needed = 0, uses_anonymous_args = 0
 172              		.loc 1 86 1 is_stmt 0 view .LVU43
 173 0000 00B5     		push	{lr}
 174              	.LCFI2:
 175              		.cfi_def_cfa_offset 4
 176              		.cfi_offset 14, -4
 177 0002 83B0     		sub	sp, sp, #12
 178              	.LCFI3:
 179              		.cfi_def_cfa_offset 16
  87:Core/Src/tim.c **** 
  88:Core/Src/tim.c ****   if(tim_baseHandle->Instance==TIM16)
 180              		.loc 1 88 3 is_stmt 1 view .LVU44
 181              		.loc 1 88 20 is_stmt 0 view .LVU45
 182 0004 0368     		ldr	r3, [r0]
 183              		.loc 1 88 5 view .LVU46
 184 0006 174A     		ldr	r2, .L16
 185 0008 9342     		cmp	r3, r2
 186 000a 04D0     		beq	.L14
  89:Core/Src/tim.c ****   {
  90:Core/Src/tim.c ****   /* USER CODE BEGIN TIM16_MspInit 0 */
  91:Core/Src/tim.c **** 
  92:Core/Src/tim.c ****   /* USER CODE END TIM16_MspInit 0 */
  93:Core/Src/tim.c ****     /* TIM16 clock enable */
  94:Core/Src/tim.c ****     __HAL_RCC_TIM16_CLK_ENABLE();
  95:Core/Src/tim.c **** 
  96:Core/Src/tim.c ****     /* TIM16 interrupt Init */
  97:Core/Src/tim.c ****     HAL_NVIC_SetPriority(TIM16_IRQn, 0, 0);
  98:Core/Src/tim.c ****     HAL_NVIC_EnableIRQ(TIM16_IRQn);
  99:Core/Src/tim.c ****   /* USER CODE BEGIN TIM16_MspInit 1 */
 100:Core/Src/tim.c **** 
 101:Core/Src/tim.c ****   /* USER CODE END TIM16_MspInit 1 */
 102:Core/Src/tim.c ****   }
ARM GAS  C:\Users\W_LINU~1\AppData\Local\Temp\ccOqv5Kf.s 			page 6


 103:Core/Src/tim.c ****   else if(tim_baseHandle->Instance==TIM17)
 187              		.loc 1 103 8 is_stmt 1 view .LVU47
 188              		.loc 1 103 10 is_stmt 0 view .LVU48
 189 000c 164A     		ldr	r2, .L16+4
 190 000e 9342     		cmp	r3, r2
 191 0010 14D0     		beq	.L15
 192              	.LVL5:
 193              	.L11:
 104:Core/Src/tim.c ****   {
 105:Core/Src/tim.c ****   /* USER CODE BEGIN TIM17_MspInit 0 */
 106:Core/Src/tim.c **** 
 107:Core/Src/tim.c ****   /* USER CODE END TIM17_MspInit 0 */
 108:Core/Src/tim.c ****     /* TIM17 clock enable */
 109:Core/Src/tim.c ****     __HAL_RCC_TIM17_CLK_ENABLE();
 110:Core/Src/tim.c **** 
 111:Core/Src/tim.c ****     /* TIM17 interrupt Init */
 112:Core/Src/tim.c ****     HAL_NVIC_SetPriority(TIM17_IRQn, 0, 0);
 113:Core/Src/tim.c ****     HAL_NVIC_EnableIRQ(TIM17_IRQn);
 114:Core/Src/tim.c ****   /* USER CODE BEGIN TIM17_MspInit 1 */
 115:Core/Src/tim.c **** 
 116:Core/Src/tim.c ****   /* USER CODE END TIM17_MspInit 1 */
 117:Core/Src/tim.c ****   }
 118:Core/Src/tim.c **** }
 194              		.loc 1 118 1 view .LVU49
 195 0012 03B0     		add	sp, sp, #12
 196              		@ sp needed
 197 0014 00BD     		pop	{pc}
 198              	.LVL6:
 199              	.L14:
  94:Core/Src/tim.c **** 
 200              		.loc 1 94 5 is_stmt 1 view .LVU50
 201              	.LBB2:
  94:Core/Src/tim.c **** 
 202              		.loc 1 94 5 view .LVU51
  94:Core/Src/tim.c **** 
 203              		.loc 1 94 5 view .LVU52
 204 0016 154B     		ldr	r3, .L16+8
 205 0018 1A6C     		ldr	r2, [r3, #64]
 206 001a 8021     		movs	r1, #128
 207 001c 8902     		lsls	r1, r1, #10
 208 001e 0A43     		orrs	r2, r1
 209 0020 1A64     		str	r2, [r3, #64]
  94:Core/Src/tim.c **** 
 210              		.loc 1 94 5 view .LVU53
 211 0022 1B6C     		ldr	r3, [r3, #64]
 212 0024 0B40     		ands	r3, r1
 213 0026 0093     		str	r3, [sp]
  94:Core/Src/tim.c **** 
 214              		.loc 1 94 5 view .LVU54
 215 0028 009B     		ldr	r3, [sp]
 216              	.LBE2:
  94:Core/Src/tim.c **** 
 217              		.loc 1 94 5 view .LVU55
  97:Core/Src/tim.c ****     HAL_NVIC_EnableIRQ(TIM16_IRQn);
 218              		.loc 1 97 5 view .LVU56
 219 002a 0022     		movs	r2, #0
 220 002c 0021     		movs	r1, #0
ARM GAS  C:\Users\W_LINU~1\AppData\Local\Temp\ccOqv5Kf.s 			page 7


 221 002e 1520     		movs	r0, #21
 222              	.LVL7:
  97:Core/Src/tim.c ****     HAL_NVIC_EnableIRQ(TIM16_IRQn);
 223              		.loc 1 97 5 is_stmt 0 view .LVU57
 224 0030 FFF7FEFF 		bl	HAL_NVIC_SetPriority
 225              	.LVL8:
  98:Core/Src/tim.c ****   /* USER CODE BEGIN TIM16_MspInit 1 */
 226              		.loc 1 98 5 is_stmt 1 view .LVU58
 227 0034 1520     		movs	r0, #21
 228 0036 FFF7FEFF 		bl	HAL_NVIC_EnableIRQ
 229              	.LVL9:
 230 003a EAE7     		b	.L11
 231              	.LVL10:
 232              	.L15:
 109:Core/Src/tim.c **** 
 233              		.loc 1 109 5 view .LVU59
 234              	.LBB3:
 109:Core/Src/tim.c **** 
 235              		.loc 1 109 5 view .LVU60
 109:Core/Src/tim.c **** 
 236              		.loc 1 109 5 view .LVU61
 237 003c 0B4B     		ldr	r3, .L16+8
 238 003e 1A6C     		ldr	r2, [r3, #64]
 239 0040 8021     		movs	r1, #128
 240 0042 C902     		lsls	r1, r1, #11
 241 0044 0A43     		orrs	r2, r1
 242 0046 1A64     		str	r2, [r3, #64]
 109:Core/Src/tim.c **** 
 243              		.loc 1 109 5 view .LVU62
 244 0048 1B6C     		ldr	r3, [r3, #64]
 245 004a 0B40     		ands	r3, r1
 246 004c 0193     		str	r3, [sp, #4]
 109:Core/Src/tim.c **** 
 247              		.loc 1 109 5 view .LVU63
 248 004e 019B     		ldr	r3, [sp, #4]
 249              	.LBE3:
 109:Core/Src/tim.c **** 
 250              		.loc 1 109 5 view .LVU64
 112:Core/Src/tim.c ****     HAL_NVIC_EnableIRQ(TIM17_IRQn);
 251              		.loc 1 112 5 view .LVU65
 252 0050 0022     		movs	r2, #0
 253 0052 0021     		movs	r1, #0
 254 0054 1620     		movs	r0, #22
 255              	.LVL11:
 112:Core/Src/tim.c ****     HAL_NVIC_EnableIRQ(TIM17_IRQn);
 256              		.loc 1 112 5 is_stmt 0 view .LVU66
 257 0056 FFF7FEFF 		bl	HAL_NVIC_SetPriority
 258              	.LVL12:
 113:Core/Src/tim.c ****   /* USER CODE BEGIN TIM17_MspInit 1 */
 259              		.loc 1 113 5 is_stmt 1 view .LVU67
 260 005a 1620     		movs	r0, #22
 261 005c FFF7FEFF 		bl	HAL_NVIC_EnableIRQ
 262              	.LVL13:
 263              		.loc 1 118 1 is_stmt 0 view .LVU68
 264 0060 D7E7     		b	.L11
 265              	.L17:
 266 0062 C046     		.align	2
ARM GAS  C:\Users\W_LINU~1\AppData\Local\Temp\ccOqv5Kf.s 			page 8


 267              	.L16:
 268 0064 00440140 		.word	1073824768
 269 0068 00480140 		.word	1073825792
 270 006c 00100240 		.word	1073876992
 271              		.cfi_endproc
 272              	.LFE292:
 274              		.section	.text.HAL_TIM_Base_MspDeInit,"ax",%progbits
 275              		.align	1
 276              		.global	HAL_TIM_Base_MspDeInit
 277              		.syntax unified
 278              		.code	16
 279              		.thumb_func
 281              	HAL_TIM_Base_MspDeInit:
 282              	.LVL14:
 283              	.LFB293:
 119:Core/Src/tim.c **** 
 120:Core/Src/tim.c **** void HAL_TIM_Base_MspDeInit(TIM_HandleTypeDef* tim_baseHandle)
 121:Core/Src/tim.c **** {
 284              		.loc 1 121 1 is_stmt 1 view -0
 285              		.cfi_startproc
 286              		@ args = 0, pretend = 0, frame = 0
 287              		@ frame_needed = 0, uses_anonymous_args = 0
 288              		.loc 1 121 1 is_stmt 0 view .LVU70
 289 0000 10B5     		push	{r4, lr}
 290              	.LCFI4:
 291              		.cfi_def_cfa_offset 8
 292              		.cfi_offset 4, -8
 293              		.cfi_offset 14, -4
 122:Core/Src/tim.c **** 
 123:Core/Src/tim.c ****   if(tim_baseHandle->Instance==TIM16)
 294              		.loc 1 123 3 is_stmt 1 view .LVU71
 295              		.loc 1 123 20 is_stmt 0 view .LVU72
 296 0002 0368     		ldr	r3, [r0]
 297              		.loc 1 123 5 view .LVU73
 298 0004 0C4A     		ldr	r2, .L23
 299 0006 9342     		cmp	r3, r2
 300 0008 03D0     		beq	.L21
 124:Core/Src/tim.c ****   {
 125:Core/Src/tim.c ****   /* USER CODE BEGIN TIM16_MspDeInit 0 */
 126:Core/Src/tim.c **** 
 127:Core/Src/tim.c ****   /* USER CODE END TIM16_MspDeInit 0 */
 128:Core/Src/tim.c ****     /* Peripheral clock disable */
 129:Core/Src/tim.c ****     __HAL_RCC_TIM16_CLK_DISABLE();
 130:Core/Src/tim.c **** 
 131:Core/Src/tim.c ****     /* TIM16 interrupt Deinit */
 132:Core/Src/tim.c ****     HAL_NVIC_DisableIRQ(TIM16_IRQn);
 133:Core/Src/tim.c ****   /* USER CODE BEGIN TIM16_MspDeInit 1 */
 134:Core/Src/tim.c **** 
 135:Core/Src/tim.c ****   /* USER CODE END TIM16_MspDeInit 1 */
 136:Core/Src/tim.c ****   }
 137:Core/Src/tim.c ****   else if(tim_baseHandle->Instance==TIM17)
 301              		.loc 1 137 8 is_stmt 1 view .LVU74
 302              		.loc 1 137 10 is_stmt 0 view .LVU75
 303 000a 0C4A     		ldr	r2, .L23+4
 304 000c 9342     		cmp	r3, r2
 305 000e 09D0     		beq	.L22
 306              	.LVL15:
ARM GAS  C:\Users\W_LINU~1\AppData\Local\Temp\ccOqv5Kf.s 			page 9


 307              	.L18:
 138:Core/Src/tim.c ****   {
 139:Core/Src/tim.c ****   /* USER CODE BEGIN TIM17_MspDeInit 0 */
 140:Core/Src/tim.c **** 
 141:Core/Src/tim.c ****   /* USER CODE END TIM17_MspDeInit 0 */
 142:Core/Src/tim.c ****     /* Peripheral clock disable */
 143:Core/Src/tim.c ****     __HAL_RCC_TIM17_CLK_DISABLE();
 144:Core/Src/tim.c **** 
 145:Core/Src/tim.c ****     /* TIM17 interrupt Deinit */
 146:Core/Src/tim.c ****     HAL_NVIC_DisableIRQ(TIM17_IRQn);
 147:Core/Src/tim.c ****   /* USER CODE BEGIN TIM17_MspDeInit 1 */
 148:Core/Src/tim.c **** 
 149:Core/Src/tim.c ****   /* USER CODE END TIM17_MspDeInit 1 */
 150:Core/Src/tim.c ****   }
 151:Core/Src/tim.c **** }
 308              		.loc 1 151 1 view .LVU76
 309              		@ sp needed
 310 0010 10BD     		pop	{r4, pc}
 311              	.LVL16:
 312              	.L21:
 129:Core/Src/tim.c **** 
 313              		.loc 1 129 5 is_stmt 1 view .LVU77
 314 0012 0B4A     		ldr	r2, .L23+8
 315 0014 136C     		ldr	r3, [r2, #64]
 316 0016 0B49     		ldr	r1, .L23+12
 317 0018 0B40     		ands	r3, r1
 318 001a 1364     		str	r3, [r2, #64]
 132:Core/Src/tim.c ****   /* USER CODE BEGIN TIM16_MspDeInit 1 */
 319              		.loc 1 132 5 view .LVU78
 320 001c 1520     		movs	r0, #21
 321              	.LVL17:
 132:Core/Src/tim.c ****   /* USER CODE BEGIN TIM16_MspDeInit 1 */
 322              		.loc 1 132 5 is_stmt 0 view .LVU79
 323 001e FFF7FEFF 		bl	HAL_NVIC_DisableIRQ
 324              	.LVL18:
 325 0022 F5E7     		b	.L18
 326              	.LVL19:
 327              	.L22:
 143:Core/Src/tim.c **** 
 328              		.loc 1 143 5 is_stmt 1 view .LVU80
 329 0024 064A     		ldr	r2, .L23+8
 330 0026 136C     		ldr	r3, [r2, #64]
 331 0028 0749     		ldr	r1, .L23+16
 332 002a 0B40     		ands	r3, r1
 333 002c 1364     		str	r3, [r2, #64]
 146:Core/Src/tim.c ****   /* USER CODE BEGIN TIM17_MspDeInit 1 */
 334              		.loc 1 146 5 view .LVU81
 335 002e 1620     		movs	r0, #22
 336              	.LVL20:
 146:Core/Src/tim.c ****   /* USER CODE BEGIN TIM17_MspDeInit 1 */
 337              		.loc 1 146 5 is_stmt 0 view .LVU82
 338 0030 FFF7FEFF 		bl	HAL_NVIC_DisableIRQ
 339              	.LVL21:
 340              		.loc 1 151 1 view .LVU83
 341 0034 ECE7     		b	.L18
 342              	.L24:
 343 0036 C046     		.align	2
ARM GAS  C:\Users\W_LINU~1\AppData\Local\Temp\ccOqv5Kf.s 			page 10


 344              	.L23:
 345 0038 00440140 		.word	1073824768
 346 003c 00480140 		.word	1073825792
 347 0040 00100240 		.word	1073876992
 348 0044 FFFFFDFF 		.word	-131073
 349 0048 FFFFFBFF 		.word	-262145
 350              		.cfi_endproc
 351              	.LFE293:
 353              		.section	.text.HAL_GetTick_us,"ax",%progbits
 354              		.align	1
 355              		.weak	HAL_GetTick_us
 356              		.syntax unified
 357              		.code	16
 358              		.thumb_func
 360              	HAL_GetTick_us:
 361              	.LFB294:
 152:Core/Src/tim.c **** 
 153:Core/Src/tim.c **** /* USER CODE BEGIN 1 */
 154:Core/Src/tim.c **** __weak uint16_t HAL_GetTick_us(void)
 155:Core/Src/tim.c **** {
 362              		.loc 1 155 1 is_stmt 1 view -0
 363              		.cfi_startproc
 364              		@ args = 0, pretend = 0, frame = 0
 365              		@ frame_needed = 0, uses_anonymous_args = 0
 366              		@ link register save eliminated.
 156:Core/Src/tim.c ****   return __HAL_TIM_GetCounter (&htim17 );//Ëé∑ÂèñÂÆöÊó∂Âô?6ËÆ°Êï∞Âô®ÁöÑÂÄ?
 367              		.loc 1 156 3 view .LVU85
 368              		.loc 1 156 10 is_stmt 0 view .LVU86
 369 0000 024B     		ldr	r3, .L26
 370 0002 1B68     		ldr	r3, [r3]
 371 0004 586A     		ldr	r0, [r3, #36]
 372 0006 80B2     		uxth	r0, r0
 157:Core/Src/tim.c **** }
 373              		.loc 1 157 1 view .LVU87
 374              		@ sp needed
 375 0008 7047     		bx	lr
 376              	.L27:
 377 000a C046     		.align	2
 378              	.L26:
 379 000c 00000000 		.word	htim17
 380              		.cfi_endproc
 381              	.LFE294:
 383              		.section	.text.HAL_Delay_us,"ax",%progbits
 384              		.align	1
 385              		.weak	HAL_Delay_us
 386              		.syntax unified
 387              		.code	16
 388              		.thumb_func
 390              	HAL_Delay_us:
 391              	.LVL22:
 392              	.LFB295:
 158:Core/Src/tim.c **** __weak void HAL_Delay_us(uint16_t Delay)
 159:Core/Src/tim.c **** {
 393              		.loc 1 159 1 is_stmt 1 view -0
 394              		.cfi_startproc
 395              		@ args = 0, pretend = 0, frame = 0
 396              		@ frame_needed = 0, uses_anonymous_args = 0
ARM GAS  C:\Users\W_LINU~1\AppData\Local\Temp\ccOqv5Kf.s 			page 11


 397              		.loc 1 159 1 is_stmt 0 view .LVU89
 398 0000 70B5     		push	{r4, r5, r6, lr}
 399              	.LCFI5:
 400              		.cfi_def_cfa_offset 16
 401              		.cfi_offset 4, -16
 402              		.cfi_offset 5, -12
 403              		.cfi_offset 6, -8
 404              		.cfi_offset 14, -4
 405 0002 0500     		movs	r5, r0
 160:Core/Src/tim.c ****   uint16_t tickstart = HAL_GetTick_us();//ËÆ°Êï∞Âô®ÂàùÂßãÂ??
 406              		.loc 1 160 3 is_stmt 1 view .LVU90
 407              		.loc 1 160 24 is_stmt 0 view .LVU91
 408 0004 FFF7FEFF 		bl	HAL_GetTick_us
 409              	.LVL23:
 410              		.loc 1 160 24 view .LVU92
 411 0008 0400     		movs	r4, r0
 412              	.LVL24:
 161:Core/Src/tim.c ****   uint16_t wait = Delay;//Èú?Ë¶ÅÂª∂Êó∂ÁöÑÂÄ?
 413              		.loc 1 161 3 is_stmt 1 view .LVU93
 162:Core/Src/tim.c **** 	HAL_TIM_Base_Start (&htim17); //ÊâìÂºÄÂÆöÊó∂Âô?
 414              		.loc 1 162 2 view .LVU94
 415 000a 0848     		ldr	r0, .L30
 416 000c FFF7FEFF 		bl	HAL_TIM_Base_Start
 417              	.LVL25:
 163:Core/Src/tim.c ****   while ((HAL_GetTick_us() - tickstart) < wait)//Á≠âÂæÖ
 418              		.loc 1 163 3 view .LVU95
 419              	.L29:
 164:Core/Src/tim.c ****   {
 165:Core/Src/tim.c ****   }
 420              		.loc 1 165 3 discriminator 1 view .LVU96
 163:Core/Src/tim.c ****   while ((HAL_GetTick_us() - tickstart) < wait)//Á≠âÂæÖ
 421              		.loc 1 163 41 discriminator 1 view .LVU97
 163:Core/Src/tim.c ****   while ((HAL_GetTick_us() - tickstart) < wait)//Á≠âÂæÖ
 422              		.loc 1 163 11 is_stmt 0 discriminator 1 view .LVU98
 423 0010 FFF7FEFF 		bl	HAL_GetTick_us
 424              	.LVL26:
 163:Core/Src/tim.c ****   while ((HAL_GetTick_us() - tickstart) < wait)//Á≠âÂæÖ
 425              		.loc 1 163 28 discriminator 1 view .LVU99
 426 0014 001B     		subs	r0, r0, r4
 163:Core/Src/tim.c ****   while ((HAL_GetTick_us() - tickstart) < wait)//Á≠âÂæÖ
 427              		.loc 1 163 41 discriminator 1 view .LVU100
 428 0016 A842     		cmp	r0, r5
 429 0018 FADB     		blt	.L29
 166:Core/Src/tim.c **** 	HAL_TIM_Base_Stop(&htim17); //ÂÖ≥Èó≠ÂÆöÊó∂Âô?
 430              		.loc 1 166 2 is_stmt 1 view .LVU101
 431 001a 044C     		ldr	r4, .L30
 432              	.LVL27:
 433              		.loc 1 166 2 is_stmt 0 view .LVU102
 434 001c 2000     		movs	r0, r4
 435 001e FFF7FEFF 		bl	HAL_TIM_Base_Stop
 436              	.LVL28:
 167:Core/Src/tim.c **** 	 __HAL_TIM_SetCounter (&htim17,0 );//ÂÆöÊó∂Âô®ËÆ°Êï∞Âô®Ê∏ÖÈõ∂ÔºåÂæÄÂæ?ÂèØ‰ª•ÁúÅÁï•Ôºå‰ºöËá™Âä®Ê∏ÖÈ
 437              		.loc 1 167 3 is_stmt 1 view .LVU103
 438 0022 2368     		ldr	r3, [r4]
 439 0024 0022     		movs	r2, #0
 440 0026 5A62     		str	r2, [r3, #36]
 168:Core/Src/tim.c **** }
ARM GAS  C:\Users\W_LINU~1\AppData\Local\Temp\ccOqv5Kf.s 			page 12


 441              		.loc 1 168 1 is_stmt 0 view .LVU104
 442              		@ sp needed
 443              	.LVL29:
 444              		.loc 1 168 1 view .LVU105
 445 0028 70BD     		pop	{r4, r5, r6, pc}
 446              	.L31:
 447 002a C046     		.align	2
 448              	.L30:
 449 002c 00000000 		.word	htim17
 450              		.cfi_endproc
 451              	.LFE295:
 453              		.global	htim17
 454              		.section	.bss.htim17,"aw",%nobits
 455              		.align	2
 458              	htim17:
 459 0000 00000000 		.space	76
 459      00000000 
 459      00000000 
 459      00000000 
 459      00000000 
 460              		.global	htim16
 461              		.section	.bss.htim16,"aw",%nobits
 462              		.align	2
 465              	htim16:
 466 0000 00000000 		.space	76
 466      00000000 
 466      00000000 
 466      00000000 
 466      00000000 
 467              		.text
 468              	.Letext0:
 469              		.file 2 "Drivers/CMSIS/Device/ST/STM32G0xx/Include/stm32g030xx.h"
 470              		.file 3 "f:\\vscode-for-stm32\\gcc\\12.2-mpacbti-bet1\\arm-none-eabi\\include\\machine\\_default_t
 471              		.file 4 "f:\\vscode-for-stm32\\gcc\\12.2-mpacbti-bet1\\arm-none-eabi\\include\\sys\\_stdint.h"
 472              		.file 5 "Drivers/STM32G0xx_HAL_Driver/Inc/stm32g0xx_hal_def.h"
 473              		.file 6 "Drivers/STM32G0xx_HAL_Driver/Inc/stm32g0xx_hal_dma.h"
 474              		.file 7 "Drivers/STM32G0xx_HAL_Driver/Inc/stm32g0xx_hal_tim.h"
 475              		.file 8 "Core/Inc/tim.h"
 476              		.file 9 "Drivers/STM32G0xx_HAL_Driver/Inc/stm32g0xx_hal_cortex.h"
 477              		.file 10 "Drivers/STM32G0xx_HAL_Driver/Inc/stm32g0xx_ll_dma.h"
 478              		.file 11 "Core/Inc/main.h"
ARM GAS  C:\Users\W_LINU~1\AppData\Local\Temp\ccOqv5Kf.s 			page 13


DEFINED SYMBOLS
                            *ABS*:00000000 tim.c
C:\Users\W_LINU~1\AppData\Local\Temp\ccOqv5Kf.s:19     .text.MX_TIM16_Init:00000000 $t
C:\Users\W_LINU~1\AppData\Local\Temp\ccOqv5Kf.s:25     .text.MX_TIM16_Init:00000000 MX_TIM16_Init
C:\Users\W_LINU~1\AppData\Local\Temp\ccOqv5Kf.s:82     .text.MX_TIM16_Init:0000002c $d
C:\Users\W_LINU~1\AppData\Local\Temp\ccOqv5Kf.s:465    .bss.htim16:00000000 htim16
C:\Users\W_LINU~1\AppData\Local\Temp\ccOqv5Kf.s:89     .text.MX_TIM17_Init:00000000 $t
C:\Users\W_LINU~1\AppData\Local\Temp\ccOqv5Kf.s:95     .text.MX_TIM17_Init:00000000 MX_TIM17_Init
C:\Users\W_LINU~1\AppData\Local\Temp\ccOqv5Kf.s:152    .text.MX_TIM17_Init:0000002c $d
C:\Users\W_LINU~1\AppData\Local\Temp\ccOqv5Kf.s:458    .bss.htim17:00000000 htim17
C:\Users\W_LINU~1\AppData\Local\Temp\ccOqv5Kf.s:159    .text.HAL_TIM_Base_MspInit:00000000 $t
C:\Users\W_LINU~1\AppData\Local\Temp\ccOqv5Kf.s:165    .text.HAL_TIM_Base_MspInit:00000000 HAL_TIM_Base_MspInit
C:\Users\W_LINU~1\AppData\Local\Temp\ccOqv5Kf.s:268    .text.HAL_TIM_Base_MspInit:00000064 $d
C:\Users\W_LINU~1\AppData\Local\Temp\ccOqv5Kf.s:275    .text.HAL_TIM_Base_MspDeInit:00000000 $t
C:\Users\W_LINU~1\AppData\Local\Temp\ccOqv5Kf.s:281    .text.HAL_TIM_Base_MspDeInit:00000000 HAL_TIM_Base_MspDeInit
C:\Users\W_LINU~1\AppData\Local\Temp\ccOqv5Kf.s:345    .text.HAL_TIM_Base_MspDeInit:00000038 $d
C:\Users\W_LINU~1\AppData\Local\Temp\ccOqv5Kf.s:354    .text.HAL_GetTick_us:00000000 $t
C:\Users\W_LINU~1\AppData\Local\Temp\ccOqv5Kf.s:360    .text.HAL_GetTick_us:00000000 HAL_GetTick_us
C:\Users\W_LINU~1\AppData\Local\Temp\ccOqv5Kf.s:379    .text.HAL_GetTick_us:0000000c $d
C:\Users\W_LINU~1\AppData\Local\Temp\ccOqv5Kf.s:384    .text.HAL_Delay_us:00000000 $t
C:\Users\W_LINU~1\AppData\Local\Temp\ccOqv5Kf.s:390    .text.HAL_Delay_us:00000000 HAL_Delay_us
C:\Users\W_LINU~1\AppData\Local\Temp\ccOqv5Kf.s:449    .text.HAL_Delay_us:0000002c $d
C:\Users\W_LINU~1\AppData\Local\Temp\ccOqv5Kf.s:455    .bss.htim17:00000000 $d
C:\Users\W_LINU~1\AppData\Local\Temp\ccOqv5Kf.s:462    .bss.htim16:00000000 $d

UNDEFINED SYMBOLS
HAL_TIM_Base_Init
Error_Handler
HAL_NVIC_SetPriority
HAL_NVIC_EnableIRQ
HAL_NVIC_DisableIRQ
HAL_TIM_Base_Start
HAL_TIM_Base_Stop
